\BOOKMARK [1][-]{section.1}{\376\377\000I\000n\000t\000r\000o\000d\000u\000c\000t\000i\000o\000n}{}% 1
\BOOKMARK [1][-]{section.2}{\376\377\000R\000e\000l\000a\000t\000e\000d\000\040\000W\000o\000r\000k}{}% 2
\BOOKMARK [2][-]{subsection.2.1}{\376\377\000F\000a\000c\000e\000\040\000A\000t\000t\000r\000i\000b\000u\000t\000e\000\040\000R\000e\000c\000o\000g\000n\000i\000t\000i\000o\000n}{section.2}% 3
\BOOKMARK [2][-]{subsection.2.2}{\376\377\000T\000r\000a\000n\000s\000f\000e\000r\000\040\000L\000e\000a\000r\000n\000i\000n\000g}{section.2}% 4
\BOOKMARK [1][-]{section.3}{\376\377\000M\000e\000t\000h\000o\000d}{}% 5
\BOOKMARK [2][-]{subsection.3.1}{\376\377\000R\000e\000s\000N\000e\000t}{section.3}% 6
\BOOKMARK [2][-]{subsection.3.2}{\376\377\000G\000e\000n\000d\000e\000r\000,\000\040\000A\000g\000e\000,\000\040\000R\000a\000c\000e\000\040\000c\000l\000a\000s\000s\000i\000f\000i\000c\000a\000t\000i\000o\000n}{section.3}% 7
\BOOKMARK [3][-]{subsubsection.3.2.1}{\376\377\000T\000r\000a\000n\000s\000f\000e\000r\000\040\000L\000e\000a\000r\000n\000i\000n\000g}{subsection.3.2}% 8
\BOOKMARK [3][-]{subsubsection.3.2.2}{\376\377\000D\000a\000t\000a\000s\000e\000t\000\040\000A\000u\000g\000m\000e\000n\000t\000a\000t\000i\000o\000n}{subsection.3.2}% 9
\BOOKMARK [2][-]{subsection.3.3}{\376\377\000G\000e\000n\000d\000e\000r\000-\000s\000p\000e\000c\000i\000f\000i\000c\000\040\000F\000u\000s\000i\000o\000n\000\040\000M\000o\000d\000e\000l}{section.3}% 10
\BOOKMARK [1][-]{section.4}{\376\377\000E\000x\000p\000e\000r\000i\000m\000e\000n\000t}{}% 11
\BOOKMARK [2][-]{subsection.4.1}{\376\377\000S\000e\000t\000u\000p}{section.4}% 12
\BOOKMARK [2][-]{subsection.4.2}{\376\377\000E\000x\000p\000e\000r\000i\000m\000e\000n\000t\000s\000\040\000o\000n\000\040\000t\000h\000e\000\040\000b\000a\000c\000k\000b\000o\000n\000e}{section.4}% 13
\BOOKMARK [2][-]{subsection.4.3}{\376\377\000E\000x\000p\000e\000r\000i\000m\000e\000n\000t\000s\000\040\000o\000n\000\040\000t\000h\000e\000\040\000s\000i\000z\000e\000\040\000o\000f\000\040\000d\000a\000t\000a\000s\000e\000t}{section.4}% 14
\BOOKMARK [2][-]{subsection.4.4}{\376\377\000R\000a\000c\000e\000\040\000p\000r\000e\000d\000i\000c\000t\000i\000o\000n}{section.4}% 15
\BOOKMARK [2][-]{subsection.4.5}{\376\377\000C\000o\000m\000p\000a\000r\000e\000\040\000F\000u\000s\000i\000o\000n\000\040\000M\000o\000d\000e\000l\000\040\000w\000i\000t\000h\000\040\000O\000r\000i\000g\000i\000n\000a\000l\000\040\000M\000o\000d\000e\000l}{section.4}% 16
\BOOKMARK [1][-]{section.5}{\376\377\000D\000i\000s\000c\000u\000s\000s\000i\000o\000n}{}% 17
\BOOKMARK [2][-]{subsection.5.1}{\376\377\000B\000a\000c\000k\000b\000o\000n\000e\000\040\000o\000f\000\040\000p\000r\000e\000-\000t\000r\000a\000i\000n\000e\000d\000\040\000m\000o\000d\000e\000l}{section.5}% 18
\BOOKMARK [2][-]{subsection.5.2}{\376\377\000D\000a\000t\000a\000s\000e\000t\000s\000\040\000f\000o\000r\000\040\000m\000o\000d\000e\000l\000\040\000t\000r\000a\000i\000n\000i\000n\000g}{section.5}% 19
\BOOKMARK [2][-]{subsection.5.3}{\376\377\000F\000u\000t\000u\000r\000e\000\040\000w\000o\000r\000k}{section.5}% 20
\BOOKMARK [1][-]{section.6}{\376\377\000C\000o\000n\000c\000l\000u\000s\000i\000o\000n}{}% 21
